<?xml version="1.0" encoding="UTF-8"?>
<!-- Generated by org.testng.reporters.JUnitReportReporter -->
<testsuite hostname="DESKTOP-U2HJMCV" failures="0" tests="3" name="test_suites.Testcase1" time="0.044" errors="0" timestamp="2021-02-22T10:05:03 GMT" skipped="0">
  <testcase classname="test_suites.Testcase1" name="tCase6" time="0.040"/>
  <system-out/>
  <testcase classname="test_suites.Testcase1" name="tCase8" time="0.002"/>
  <system-out/>
  <testcase classname="test_suites.Testcase1" name="tCase7" time="0.002"/>
  <system-out/>
</testsuite> <!-- test_suites.Testcase1 -->
